[32m2025-02-19 15:10:39 -0800[0m - dagster - [34mDEBUG[0m - __ASSET_JOB - 96f85d82-dd10-488e-81c0-ef34d3f7c17e - 1091260 - LOGS_CAPTURED - Started capturing logs in process (pid: 1091260).
[32m2025-02-19 15:10:39 -0800[0m - dagster - [34mDEBUG[0m - __ASSET_JOB - 96f85d82-dd10-488e-81c0-ef34d3f7c17e - 1091260 - dbt_project_assets - STEP_START - Started execution of step "dbt_project_assets".
[32m2025-02-19 15:10:39 -0800[0m - dagster - [34mINFO[0m - __ASSET_JOB - 96f85d82-dd10-488e-81c0-ef34d3f7c17e - dbt_project_assets - A dbt subsetted execution is not being performed. Using the default dbt selection arguments `['--select', 'fqn:*']`.
[32m2025-02-19 15:10:40 -0800[0m - dagster - [34mINFO[0m - __ASSET_JOB - 96f85d82-dd10-488e-81c0-ef34d3f7c17e - dbt_project_assets - Copying `/home/christiandata/mtadata/mta/transformations/dbt/target/partial_parse.msgpack` to `/home/christiandata/mtadata/mta/transformations/dbt/target/dbt_project_assets-96f85d8-7160efa/partial_parse.msgpack` to take advantage of partial parsing.
[32m2025-02-19 15:10:40 -0800[0m - dagster - [34mINFO[0m - __ASSET_JOB - 96f85d82-dd10-488e-81c0-ef34d3f7c17e - dbt_project_assets - Running dbt command: `dbt build --select fqn:*`.
[32m2025-02-19 15:10:43 -0800[0m - dagster - [34mDEBUG[0m - __ASSET_JOB - 96f85d82-dd10-488e-81c0-ef34d3f7c17e - 1091260 - dbt_project_assets - STEP_OUTPUT - Yielded output "model_mta_expense_type_per_year" of type "Nothing". (Type check passed).
[32m2025-02-19 15:10:43 -0800[0m - dagster - [34mDEBUG[0m - __ASSET_JOB - 96f85d82-dd10-488e-81c0-ef34d3f7c17e - 1091260 - dbt_project_assets - ASSET_MATERIALIZATION - Materialized value expense_type_per_year.
[32m2025-02-19 15:10:43 -0800[0m - dagster - [34mDEBUG[0m - __ASSET_JOB - 96f85d82-dd10-488e-81c0-ef34d3f7c17e - 1091260 - dbt_project_assets - STEP_OUTPUT - Yielded output "model_mta_labor_expenses_per_agency" of type "Nothing". (Type check passed).
[32m2025-02-19 15:10:43 -0800[0m - dagster - [34mDEBUG[0m - __ASSET_JOB - 96f85d82-dd10-488e-81c0-ef34d3f7c17e - 1091260 - dbt_project_assets - ASSET_MATERIALIZATION - Materialized value labor_expenses_per_agency.
[32m2025-02-19 15:10:43 -0800[0m - dagster - [34mDEBUG[0m - __ASSET_JOB - 96f85d82-dd10-488e-81c0-ef34d3f7c17e - 1091260 - dbt_project_assets - STEP_OUTPUT - Yielded output "model_mta_forecast_accuracy_2023" of type "Nothing". (Type check passed).
[32m2025-02-19 15:10:43 -0800[0m - dagster - [34mDEBUG[0m - __ASSET_JOB - 96f85d82-dd10-488e-81c0-ef34d3f7c17e - 1091260 - dbt_project_assets - ASSET_MATERIALIZATION - Materialized value forecast_accuracy_2023.
[32m2025-02-19 15:10:43 -0800[0m - dagster - [34mDEBUG[0m - __ASSET_JOB - 96f85d82-dd10-488e-81c0-ef34d3f7c17e - 1091260 - dbt_project_assets - STEP_OUTPUT - Yielded output "model_mta_daily_ridership" of type "Nothing". (Type check passed).
[32m2025-02-19 15:10:44 -0800[0m - dagster - [34mDEBUG[0m - __ASSET_JOB - 96f85d82-dd10-488e-81c0-ef34d3f7c17e - 1091260 - dbt_project_assets - ASSET_MATERIALIZATION - Materialized value daily_ridership.
[32m2025-02-19 15:10:44 -0800[0m - dagster - [34mDEBUG[0m - __ASSET_JOB - 96f85d82-dd10-488e-81c0-ef34d3f7c17e - 1091260 - dbt_project_assets - STEP_OUTPUT - Yielded output "model_mta_bond_payment_info" of type "Nothing". (Type check passed).
[32m2025-02-19 15:10:44 -0800[0m - dagster - [34mDEBUG[0m - __ASSET_JOB - 96f85d82-dd10-488e-81c0-ef34d3f7c17e - 1091260 - dbt_project_assets - ASSET_MATERIALIZATION - Materialized value bond_payment_info.
[32m2025-02-19 15:10:46 -0800[0m - dagster - [34mDEBUG[0m - __ASSET_JOB - 96f85d82-dd10-488e-81c0-ef34d3f7c17e - 1091260 - dbt_project_assets - STEP_OUTPUT - Yielded output "model_mta_avg_riders_per_day" of type "Nothing". (Type check passed).
[32m2025-02-19 15:10:46 -0800[0m - dagster - [34mDEBUG[0m - __ASSET_JOB - 96f85d82-dd10-488e-81c0-ef34d3f7c17e - 1091260 - dbt_project_assets - ASSET_MATERIALIZATION - Materialized value avg_riders_per_day.
[32m2025-02-19 15:10:57 -0800[0m - dagster - [34mDEBUG[0m - __ASSET_JOB - 96f85d82-dd10-488e-81c0-ef34d3f7c17e - 1091260 - dbt_project_assets - STEP_OUTPUT - Yielded output "model_mta_weekly_riders_per_station" of type "Nothing". (Type check passed).
[32m2025-02-19 15:10:57 -0800[0m - dagster - [34mDEBUG[0m - __ASSET_JOB - 96f85d82-dd10-488e-81c0-ef34d3f7c17e - 1091260 - dbt_project_assets - ASSET_MATERIALIZATION - Materialized value weekly_riders_per_station.
[32m2025-02-19 15:10:58 -0800[0m - dagster - [34mDEBUG[0m - __ASSET_JOB - 96f85d82-dd10-488e-81c0-ef34d3f7c17e - 1091260 - dbt_project_assets - STEP_OUTPUT - Yielded output "model_mta_omny_adoption_increase" of type "Nothing". (Type check passed).
[32m2025-02-19 15:10:58 -0800[0m - dagster - [34mDEBUG[0m - __ASSET_JOB - 96f85d82-dd10-488e-81c0-ef34d3f7c17e - 1091260 - dbt_project_assets - ASSET_MATERIALIZATION - Materialized value omny_adoption_increase.
[32m2025-02-19 15:10:58 -0800[0m - dagster - [34mDEBUG[0m - __ASSET_JOB - 96f85d82-dd10-488e-81c0-ef34d3f7c17e - 1091260 - dbt_project_assets - STEP_OUTPUT - Yielded output "model_mta_subway_station_stats" of type "Nothing". (Type check passed).
[32m2025-02-19 15:10:58 -0800[0m - dagster - [34mDEBUG[0m - __ASSET_JOB - 96f85d82-dd10-488e-81c0-ef34d3f7c17e - 1091260 - dbt_project_assets - ASSET_MATERIALIZATION - Materialized value subway_station_stats.
[32m2025-02-19 15:11:00 -0800[0m - dagster - [34mDEBUG[0m - __ASSET_JOB - 96f85d82-dd10-488e-81c0-ef34d3f7c17e - 1091260 - dbt_project_assets - STEP_OUTPUT - Yielded output "model_mta_omny_adoption_by_station" of type "Nothing". (Type check passed).
[32m2025-02-19 15:11:00 -0800[0m - dagster - [34mDEBUG[0m - __ASSET_JOB - 96f85d82-dd10-488e-81c0-ef34d3f7c17e - 1091260 - dbt_project_assets - ASSET_MATERIALIZATION - Materialized value omny_adoption_by_station.
[32m2025-02-19 15:11:00 -0800[0m - dagster - [34mDEBUG[0m - __ASSET_JOB - 96f85d82-dd10-488e-81c0-ef34d3f7c17e - 1091260 - dbt_project_assets - STEP_OUTPUT - Yielded output "model_mta_total_riders_per_station" of type "Nothing". (Type check passed).
[32m2025-02-19 15:11:00 -0800[0m - dagster - [34mDEBUG[0m - __ASSET_JOB - 96f85d82-dd10-488e-81c0-ef34d3f7c17e - 1091260 - dbt_project_assets - ASSET_MATERIALIZATION - Materialized value total_riders_per_station.
[32m2025-02-19 15:11:00 -0800[0m - dagster - [34mDEBUG[0m - __ASSET_JOB - 96f85d82-dd10-488e-81c0-ef34d3f7c17e - 1091260 - dbt_project_assets - STEP_OUTPUT - Yielded output "model_mta_fare_class_boro" of type "Nothing". (Type check passed).
[32m2025-02-19 15:11:00 -0800[0m - dagster - [34mDEBUG[0m - __ASSET_JOB - 96f85d82-dd10-488e-81c0-ef34d3f7c17e - 1091260 - dbt_project_assets - ASSET_MATERIALIZATION - Materialized value fare_class_boro.
[32m2025-02-19 15:11:01 -0800[0m - dagster - [34mINFO[0m - __ASSET_JOB - 96f85d82-dd10-488e-81c0-ef34d3f7c17e - dbt_project_assets - Finished dbt command: `dbt build --select fqn:*`.
[32m2025-02-19 15:11:01 -0800[0m - dagster - [34mDEBUG[0m - __ASSET_JOB - 96f85d82-dd10-488e-81c0-ef34d3f7c17e - 1091260 - dbt_project_assets - STEP_SUCCESS - Finished execution of step "dbt_project_assets" in 21.39s.
