[32m2025-02-19 15:10:39 -0800[0m - dagster - [34mDEBUG[0m - __ASSET_JOB - 96f85d82-dd10-488e-81c0-ef34d3f7c17e - 1091261 - LOGS_CAPTURED - Started capturing logs in process (pid: 1091261).
[32m2025-02-19 15:10:39 -0800[0m - dagster - [34mDEBUG[0m - __ASSET_JOB - 96f85d82-dd10-488e-81c0-ef34d3f7c17e - 1091261 - duckdb_warehouse - STEP_START - Started execution of step "duckdb_warehouse".
[32m2025-02-19 15:10:39 -0800[0m - dagster - [34mINFO[0m - __ASSET_JOB - 96f85d82-dd10-488e-81c0-ef34d3f7c17e - duckdb_warehouse - [SingleFilePolarsParquetIOManager] Loaded 1468 rows from /home/christiandata/mtadata/data/opendata/daily_weather_asset/daily_weather_asset.parquet
[32m2025-02-19 15:10:39 -0800[0m - dagster - [34mDEBUG[0m - __ASSET_JOB - 96f85d82-dd10-488e-81c0-ef34d3f7c17e - 1091261 - duckdb_warehouse - LOADED_INPUT - Loaded input "daily_weather_asset" using input manager "io_manager", from output "result" of step "daily_weather_asset"
[32m2025-02-19 15:10:39 -0800[0m - dagster - [34mINFO[0m - __ASSET_JOB - 96f85d82-dd10-488e-81c0-ef34d3f7c17e - duckdb_warehouse - [SingleFilePolarsParquetIOManager] Loaded 23376 rows from /home/christiandata/mtadata/data/opendata/hourly_weather_asset/hourly_weather_asset.parquet
[32m2025-02-19 15:10:39 -0800[0m - dagster - [34mDEBUG[0m - __ASSET_JOB - 96f85d82-dd10-488e-81c0-ef34d3f7c17e - 1091261 - duckdb_warehouse - LOADED_INPUT - Loaded input "hourly_weather_asset" using input manager "io_manager", from output "result" of step "hourly_weather_asset"
[32m2025-02-19 15:10:39 -0800[0m - dagster - [34mINFO[0m - __ASSET_JOB - 96f85d82-dd10-488e-81c0-ef34d3f7c17e - duckdb_warehouse - [SingleFilePolarsParquetIOManager] Loaded 68048 rows from /home/christiandata/mtadata/data/opendata/mta_bus_speeds/mta_bus_speeds.parquet
[32m2025-02-19 15:10:39 -0800[0m - dagster - [34mDEBUG[0m - __ASSET_JOB - 96f85d82-dd10-488e-81c0-ef34d3f7c17e - 1091261 - duckdb_warehouse - LOADED_INPUT - Loaded input "mta_bus_speeds" using input manager "io_manager", from output "result" of step "mta_bus_speeds"
[32m2025-02-19 15:10:40 -0800[0m - dagster - [34mINFO[0m - __ASSET_JOB - 96f85d82-dd10-488e-81c0-ef34d3f7c17e - duckdb_warehouse - [SingleFilePolarsParquetIOManager] Loaded 69716 rows from /home/christiandata/mtadata/data/opendata/mta_bus_wait_time/mta_bus_wait_time.parquet
[32m2025-02-19 15:10:40 -0800[0m - dagster - [34mDEBUG[0m - __ASSET_JOB - 96f85d82-dd10-488e-81c0-ef34d3f7c17e - 1091261 - duckdb_warehouse - LOADED_INPUT - Loaded input "mta_bus_wait_time" using input manager "io_manager", from output "result" of step "mta_bus_wait_time"
[32m2025-02-19 15:10:40 -0800[0m - dagster - [34mINFO[0m - __ASSET_JOB - 96f85d82-dd10-488e-81c0-ef34d3f7c17e - duckdb_warehouse - [SingleFilePolarsParquetIOManager] Loaded 1776 rows from /home/christiandata/mtadata/data/opendata/mta_daily_ridership/mta_daily_ridership.parquet
[32m2025-02-19 15:10:40 -0800[0m - dagster - [34mDEBUG[0m - __ASSET_JOB - 96f85d82-dd10-488e-81c0-ef34d3f7c17e - 1091261 - duckdb_warehouse - LOADED_INPUT - Loaded input "mta_daily_ridership" using input manager "io_manager", from output "result" of step "mta_daily_ridership"
[32m2025-02-19 15:10:40 -0800[0m - dagster - [34mDEBUG[0m - __ASSET_JOB - 96f85d82-dd10-488e-81c0-ef34d3f7c17e - duckdb_warehouse - Loading file from: /home/christiandata/mtadata/data/opendata/mta_hourly_subway_socrata/mta_hourly_subway_socrata using PickledObjectFilesystemIOManager...
[32m2025-02-19 15:10:40 -0800[0m - dagster - [34mDEBUG[0m - __ASSET_JOB - 96f85d82-dd10-488e-81c0-ef34d3f7c17e - 1091261 - duckdb_warehouse - LOADED_INPUT - Loaded input "mta_hourly_subway_socrata" using input manager "hourly_mta_io_manager", from output "result" of step "mta_hourly_subway_socrata"
[32m2025-02-19 15:10:40 -0800[0m - dagster - [34mINFO[0m - __ASSET_JOB - 96f85d82-dd10-488e-81c0-ef34d3f7c17e - duckdb_warehouse - [SingleFilePolarsParquetIOManager] Loaded 284640 rows from /home/christiandata/mtadata/data/opendata/mta_operations_statement/mta_operations_statement.parquet
[32m2025-02-19 15:10:40 -0800[0m - dagster - [34mDEBUG[0m - __ASSET_JOB - 96f85d82-dd10-488e-81c0-ef34d3f7c17e - 1091261 - duckdb_warehouse - LOADED_INPUT - Loaded input "mta_operations_statement" using input manager "io_manager", from output "result" of step "mta_operations_statement"
[32m2025-02-19 15:10:40 -0800[0m - dagster - [34mDEBUG[0m - __ASSET_JOB - 96f85d82-dd10-488e-81c0-ef34d3f7c17e - 1091261 - duckdb_warehouse - STEP_INPUT - Got input "daily_weather_asset" of type "Any". (Type check passed).
[32m2025-02-19 15:10:40 -0800[0m - dagster - [34mDEBUG[0m - __ASSET_JOB - 96f85d82-dd10-488e-81c0-ef34d3f7c17e - 1091261 - duckdb_warehouse - STEP_INPUT - Got input "hourly_weather_asset" of type "Any". (Type check passed).
[32m2025-02-19 15:10:40 -0800[0m - dagster - [34mDEBUG[0m - __ASSET_JOB - 96f85d82-dd10-488e-81c0-ef34d3f7c17e - 1091261 - duckdb_warehouse - STEP_INPUT - Got input "mta_bus_speeds" of type "Any". (Type check passed).
[32m2025-02-19 15:10:40 -0800[0m - dagster - [34mDEBUG[0m - __ASSET_JOB - 96f85d82-dd10-488e-81c0-ef34d3f7c17e - 1091261 - duckdb_warehouse - STEP_INPUT - Got input "mta_bus_wait_time" of type "Any". (Type check passed).
[32m2025-02-19 15:10:40 -0800[0m - dagster - [34mDEBUG[0m - __ASSET_JOB - 96f85d82-dd10-488e-81c0-ef34d3f7c17e - 1091261 - duckdb_warehouse - STEP_INPUT - Got input "mta_daily_ridership" of type "Any". (Type check passed).
[32m2025-02-19 15:10:40 -0800[0m - dagster - [34mDEBUG[0m - __ASSET_JOB - 96f85d82-dd10-488e-81c0-ef34d3f7c17e - 1091261 - duckdb_warehouse - STEP_INPUT - Got input "mta_hourly_subway_socrata" of type "Any". (Type check passed).
[32m2025-02-19 15:10:40 -0800[0m - dagster - [34mDEBUG[0m - __ASSET_JOB - 96f85d82-dd10-488e-81c0-ef34d3f7c17e - 1091261 - duckdb_warehouse - STEP_INPUT - Got input "mta_operations_statement" of type "Any". (Type check passed).
[32m2025-02-19 15:10:40 -0800[0m - dagster - [34mINFO[0m - __ASSET_JOB - 96f85d82-dd10-488e-81c0-ef34d3f7c17e - duckdb_warehouse - Found existing DuckDB file at /home/christiandata/mtadata/app/sources/app/data.duckdb, deleting it.
[32m2025-02-19 15:10:40 -0800[0m - dagster - [34mINFO[0m - __ASSET_JOB - 96f85d82-dd10-488e-81c0-ef34d3f7c17e - duckdb_warehouse - View created for mta_daily_ridership based on parquet files at /home/christiandata/mtadata/data/opendata/mta_daily_ridership/*.parquet
[32m2025-02-19 15:10:40 -0800[0m - dagster - [34mINFO[0m - __ASSET_JOB - 96f85d82-dd10-488e-81c0-ef34d3f7c17e - duckdb_warehouse - View created for mta_bus_speeds based on parquet files at /home/christiandata/mtadata/data/opendata/mta_bus_speeds/*.parquet
[32m2025-02-19 15:10:40 -0800[0m - dagster - [34mINFO[0m - __ASSET_JOB - 96f85d82-dd10-488e-81c0-ef34d3f7c17e - duckdb_warehouse - View created for mta_bus_wait_time based on parquet files at /home/christiandata/mtadata/data/opendata/mta_bus_wait_time/*.parquet
[32m2025-02-19 15:10:40 -0800[0m - dagster - [34mINFO[0m - __ASSET_JOB - 96f85d82-dd10-488e-81c0-ef34d3f7c17e - duckdb_warehouse - View created for mta_operations_statement based on parquet files at /home/christiandata/mtadata/data/opendata/mta_operations_statement/*.parquet
[32m2025-02-19 15:10:40 -0800[0m - dagster - [34mINFO[0m - __ASSET_JOB - 96f85d82-dd10-488e-81c0-ef34d3f7c17e - duckdb_warehouse - View created for daily_weather_asset based on parquet files at /home/christiandata/mtadata/data/opendata/daily_weather_asset/*.parquet
[32m2025-02-19 15:10:40 -0800[0m - dagster - [34mINFO[0m - __ASSET_JOB - 96f85d82-dd10-488e-81c0-ef34d3f7c17e - duckdb_warehouse - View created for hourly_weather_asset based on parquet files at /home/christiandata/mtadata/data/opendata/hourly_weather_asset/*.parquet
[32m2025-02-19 15:10:40 -0800[0m - dagster - [34mINFO[0m - __ASSET_JOB - 96f85d82-dd10-488e-81c0-ef34d3f7c17e - duckdb_warehouse - View created for mta_hourly_subway_socrata based on parquet files at /home/christiandata/mtadata/data/opendata/mta_hourly_subway_socrata/*.parquet
[32m2025-02-19 15:10:40 -0800[0m - dagster - [34mINFO[0m - __ASSET_JOB - 96f85d82-dd10-488e-81c0-ef34d3f7c17e - duckdb_warehouse - Connection to DuckDB closed.
[32m2025-02-19 15:10:40 -0800[0m - dagster - [34mINFO[0m - __ASSET_JOB - 96f85d82-dd10-488e-81c0-ef34d3f7c17e - duckdb_warehouse - Created views: mta_daily_ridership, mta_bus_speeds, mta_bus_wait_time, mta_operations_statement, daily_weather_asset, hourly_weather_asset, mta_hourly_subway_socrata
[32m2025-02-19 15:10:40 -0800[0m - dagster - [34mINFO[0m - __ASSET_JOB - 96f85d82-dd10-488e-81c0-ef34d3f7c17e - duckdb_warehouse - Ignored views (no files or directory not found): None
[32m2025-02-19 15:10:40 -0800[0m - dagster - [34mDEBUG[0m - __ASSET_JOB - 96f85d82-dd10-488e-81c0-ef34d3f7c17e - 1091261 - duckdb_warehouse - STEP_OUTPUT - Yielded output "result" of type "Any". (Type check passed).
[32m2025-02-19 15:10:40 -0800[0m - dagster - [34mINFO[0m - __ASSET_JOB - 96f85d82-dd10-488e-81c0-ef34d3f7c17e - duckdb_warehouse - No data to write (None).
[32m2025-02-19 15:10:40 -0800[0m - dagster - [34mDEBUG[0m - __ASSET_JOB - 96f85d82-dd10-488e-81c0-ef34d3f7c17e - 1091261 - duckdb_warehouse - ASSET_MATERIALIZATION - Materialized value duckdb_warehouse.
[32m2025-02-19 15:10:40 -0800[0m - dagster - [34mDEBUG[0m - __ASSET_JOB - 96f85d82-dd10-488e-81c0-ef34d3f7c17e - 1091261 - duckdb_warehouse - HANDLED_OUTPUT - Handled output "result" using IO manager "io_manager"
[32m2025-02-19 15:10:40 -0800[0m - dagster - [34mDEBUG[0m - __ASSET_JOB - 96f85d82-dd10-488e-81c0-ef34d3f7c17e - 1091261 - duckdb_warehouse - STEP_SUCCESS - Finished execution of step "duckdb_warehouse" in 657ms.
