[32m2025-02-19 15:09:11 -0800[0m - dagster - [34mDEBUG[0m - __ASSET_JOB - 96f85d82-dd10-488e-81c0-ef34d3f7c17e - 1081912 - LOGS_CAPTURED - Started capturing logs in process (pid: 1081912).
[32m2025-02-19 15:09:11 -0800[0m - dagster - [34mDEBUG[0m - __ASSET_JOB - 96f85d82-dd10-488e-81c0-ef34d3f7c17e - 1081912 - mta_hourly_subway_socrata - STEP_START - Started execution of step "mta_hourly_subway_socrata".
[32m2025-02-19 15:09:11 -0800[0m - dagster - [34mINFO[0m - __ASSET_JOB - 96f85d82-dd10-488e-81c0-ef34d3f7c17e - mta_hourly_subway_socrata - Downloading data for year: 2022, month: 01
[32m2025-02-19 15:09:12 -0800[0m - dagster - [34mERROR[0m - [31m__ASSET_JOB - 96f85d82-dd10-488e-81c0-ef34d3f7c17e - mta_hourly_subway_socrata - Error downloading file for 2022-01: Failed to download: https://fastopendata.org/mta/raw/hourly_subway/year%3D2022/month%3D01/2022_01.parquet (Status code: 404)[0m
[32m2025-02-19 15:09:12 -0800[0m - dagster - [34mINFO[0m - __ASSET_JOB - 96f85d82-dd10-488e-81c0-ef34d3f7c17e - mta_hourly_subway_socrata - Downloading data for year: 2022, month: 02
[32m2025-02-19 15:09:15 -0800[0m - dagster - [34mINFO[0m - __ASSET_JOB - 96f85d82-dd10-488e-81c0-ef34d3f7c17e - mta_hourly_subway_socrata - Downloaded file to: /home/christiandata/mtadata/data/opendata/mta_hourly_subway_socrata/2022_02.parquet
[32m2025-02-19 15:09:15 -0800[0m - dagster - [34mINFO[0m - __ASSET_JOB - 96f85d82-dd10-488e-81c0-ef34d3f7c17e - mta_hourly_subway_socrata - Downloading data for year: 2022, month: 03
[32m2025-02-19 15:09:20 -0800[0m - dagster - [34mINFO[0m - __ASSET_JOB - 96f85d82-dd10-488e-81c0-ef34d3f7c17e - mta_hourly_subway_socrata - Downloaded file to: /home/christiandata/mtadata/data/opendata/mta_hourly_subway_socrata/2022_03.parquet
[32m2025-02-19 15:09:20 -0800[0m - dagster - [34mINFO[0m - __ASSET_JOB - 96f85d82-dd10-488e-81c0-ef34d3f7c17e - mta_hourly_subway_socrata - Downloading data for year: 2022, month: 04
[32m2025-02-19 15:09:24 -0800[0m - dagster - [34mINFO[0m - __ASSET_JOB - 96f85d82-dd10-488e-81c0-ef34d3f7c17e - mta_hourly_subway_socrata - Downloaded file to: /home/christiandata/mtadata/data/opendata/mta_hourly_subway_socrata/2022_04.parquet
[32m2025-02-19 15:09:24 -0800[0m - dagster - [34mINFO[0m - __ASSET_JOB - 96f85d82-dd10-488e-81c0-ef34d3f7c17e - mta_hourly_subway_socrata - Downloading data for year: 2022, month: 05
[32m2025-02-19 15:09:28 -0800[0m - dagster - [34mINFO[0m - __ASSET_JOB - 96f85d82-dd10-488e-81c0-ef34d3f7c17e - mta_hourly_subway_socrata - Downloaded file to: /home/christiandata/mtadata/data/opendata/mta_hourly_subway_socrata/2022_05.parquet
[32m2025-02-19 15:09:28 -0800[0m - dagster - [34mINFO[0m - __ASSET_JOB - 96f85d82-dd10-488e-81c0-ef34d3f7c17e - mta_hourly_subway_socrata - Downloading data for year: 2022, month: 06
[32m2025-02-19 15:09:29 -0800[0m - dagster - [34mINFO[0m - __ASSET_JOB - 96f85d82-dd10-488e-81c0-ef34d3f7c17e - mta_hourly_subway_socrata - Downloaded file to: /home/christiandata/mtadata/data/opendata/mta_hourly_subway_socrata/2022_06.parquet
[32m2025-02-19 15:09:29 -0800[0m - dagster - [34mINFO[0m - __ASSET_JOB - 96f85d82-dd10-488e-81c0-ef34d3f7c17e - mta_hourly_subway_socrata - Downloading data for year: 2022, month: 07
[32m2025-02-19 15:09:32 -0800[0m - dagster - [34mINFO[0m - __ASSET_JOB - 96f85d82-dd10-488e-81c0-ef34d3f7c17e - mta_hourly_subway_socrata - Downloaded file to: /home/christiandata/mtadata/data/opendata/mta_hourly_subway_socrata/2022_07.parquet
[32m2025-02-19 15:09:32 -0800[0m - dagster - [34mINFO[0m - __ASSET_JOB - 96f85d82-dd10-488e-81c0-ef34d3f7c17e - mta_hourly_subway_socrata - Downloading data for year: 2022, month: 08
[32m2025-02-19 15:09:34 -0800[0m - dagster - [34mINFO[0m - __ASSET_JOB - 96f85d82-dd10-488e-81c0-ef34d3f7c17e - mta_hourly_subway_socrata - Downloaded file to: /home/christiandata/mtadata/data/opendata/mta_hourly_subway_socrata/2022_08.parquet
[32m2025-02-19 15:09:34 -0800[0m - dagster - [34mINFO[0m - __ASSET_JOB - 96f85d82-dd10-488e-81c0-ef34d3f7c17e - mta_hourly_subway_socrata - Downloading data for year: 2022, month: 09
[32m2025-02-19 15:09:36 -0800[0m - dagster - [34mINFO[0m - __ASSET_JOB - 96f85d82-dd10-488e-81c0-ef34d3f7c17e - mta_hourly_subway_socrata - Downloaded file to: /home/christiandata/mtadata/data/opendata/mta_hourly_subway_socrata/2022_09.parquet
[32m2025-02-19 15:09:36 -0800[0m - dagster - [34mINFO[0m - __ASSET_JOB - 96f85d82-dd10-488e-81c0-ef34d3f7c17e - mta_hourly_subway_socrata - Downloading data for year: 2022, month: 10
[32m2025-02-19 15:09:37 -0800[0m - dagster - [34mINFO[0m - __ASSET_JOB - 96f85d82-dd10-488e-81c0-ef34d3f7c17e - mta_hourly_subway_socrata - Downloaded file to: /home/christiandata/mtadata/data/opendata/mta_hourly_subway_socrata/2022_10.parquet
[32m2025-02-19 15:09:37 -0800[0m - dagster - [34mINFO[0m - __ASSET_JOB - 96f85d82-dd10-488e-81c0-ef34d3f7c17e - mta_hourly_subway_socrata - Downloading data for year: 2022, month: 11
[32m2025-02-19 15:09:41 -0800[0m - dagster - [34mINFO[0m - __ASSET_JOB - 96f85d82-dd10-488e-81c0-ef34d3f7c17e - mta_hourly_subway_socrata - Downloaded file to: /home/christiandata/mtadata/data/opendata/mta_hourly_subway_socrata/2022_11.parquet
[32m2025-02-19 15:09:41 -0800[0m - dagster - [34mINFO[0m - __ASSET_JOB - 96f85d82-dd10-488e-81c0-ef34d3f7c17e - mta_hourly_subway_socrata - Downloading data for year: 2022, month: 12
[32m2025-02-19 15:09:42 -0800[0m - dagster - [34mINFO[0m - __ASSET_JOB - 96f85d82-dd10-488e-81c0-ef34d3f7c17e - mta_hourly_subway_socrata - Downloaded file to: /home/christiandata/mtadata/data/opendata/mta_hourly_subway_socrata/2022_12.parquet
[32m2025-02-19 15:09:42 -0800[0m - dagster - [34mINFO[0m - __ASSET_JOB - 96f85d82-dd10-488e-81c0-ef34d3f7c17e - mta_hourly_subway_socrata - Downloading data for year: 2023, month: 01
[32m2025-02-19 15:09:43 -0800[0m - dagster - [34mINFO[0m - __ASSET_JOB - 96f85d82-dd10-488e-81c0-ef34d3f7c17e - mta_hourly_subway_socrata - Downloaded file to: /home/christiandata/mtadata/data/opendata/mta_hourly_subway_socrata/2023_01.parquet
[32m2025-02-19 15:09:43 -0800[0m - dagster - [34mINFO[0m - __ASSET_JOB - 96f85d82-dd10-488e-81c0-ef34d3f7c17e - mta_hourly_subway_socrata - Downloading data for year: 2023, month: 02
[32m2025-02-19 15:09:45 -0800[0m - dagster - [34mINFO[0m - __ASSET_JOB - 96f85d82-dd10-488e-81c0-ef34d3f7c17e - mta_hourly_subway_socrata - Downloaded file to: /home/christiandata/mtadata/data/opendata/mta_hourly_subway_socrata/2023_02.parquet
[32m2025-02-19 15:09:45 -0800[0m - dagster - [34mINFO[0m - __ASSET_JOB - 96f85d82-dd10-488e-81c0-ef34d3f7c17e - mta_hourly_subway_socrata - Downloading data for year: 2023, month: 03
[32m2025-02-19 15:09:46 -0800[0m - dagster - [34mINFO[0m - __ASSET_JOB - 96f85d82-dd10-488e-81c0-ef34d3f7c17e - mta_hourly_subway_socrata - Downloaded file to: /home/christiandata/mtadata/data/opendata/mta_hourly_subway_socrata/2023_03.parquet
[32m2025-02-19 15:09:46 -0800[0m - dagster - [34mINFO[0m - __ASSET_JOB - 96f85d82-dd10-488e-81c0-ef34d3f7c17e - mta_hourly_subway_socrata - Downloading data for year: 2023, month: 04
[32m2025-02-19 15:09:49 -0800[0m - dagster - [34mINFO[0m - __ASSET_JOB - 96f85d82-dd10-488e-81c0-ef34d3f7c17e - mta_hourly_subway_socrata - Downloaded file to: /home/christiandata/mtadata/data/opendata/mta_hourly_subway_socrata/2023_04.parquet
[32m2025-02-19 15:09:49 -0800[0m - dagster - [34mINFO[0m - __ASSET_JOB - 96f85d82-dd10-488e-81c0-ef34d3f7c17e - mta_hourly_subway_socrata - Downloading data for year: 2023, month: 05
[32m2025-02-19 15:09:50 -0800[0m - dagster - [34mINFO[0m - __ASSET_JOB - 96f85d82-dd10-488e-81c0-ef34d3f7c17e - mta_hourly_subway_socrata - Downloaded file to: /home/christiandata/mtadata/data/opendata/mta_hourly_subway_socrata/2023_05.parquet
[32m2025-02-19 15:09:50 -0800[0m - dagster - [34mINFO[0m - __ASSET_JOB - 96f85d82-dd10-488e-81c0-ef34d3f7c17e - mta_hourly_subway_socrata - Downloading data for year: 2023, month: 06
[32m2025-02-19 15:09:51 -0800[0m - dagster - [34mINFO[0m - __ASSET_JOB - 96f85d82-dd10-488e-81c0-ef34d3f7c17e - mta_hourly_subway_socrata - Downloaded file to: /home/christiandata/mtadata/data/opendata/mta_hourly_subway_socrata/2023_06.parquet
[32m2025-02-19 15:09:51 -0800[0m - dagster - [34mINFO[0m - __ASSET_JOB - 96f85d82-dd10-488e-81c0-ef34d3f7c17e - mta_hourly_subway_socrata - Downloading data for year: 2023, month: 07
[32m2025-02-19 15:09:59 -0800[0m - dagster - [34mINFO[0m - __ASSET_JOB - 96f85d82-dd10-488e-81c0-ef34d3f7c17e - mta_hourly_subway_socrata - Downloaded file to: /home/christiandata/mtadata/data/opendata/mta_hourly_subway_socrata/2023_07.parquet
[32m2025-02-19 15:09:59 -0800[0m - dagster - [34mINFO[0m - __ASSET_JOB - 96f85d82-dd10-488e-81c0-ef34d3f7c17e - mta_hourly_subway_socrata - Downloading data for year: 2023, month: 08
[32m2025-02-19 15:10:02 -0800[0m - dagster - [34mINFO[0m - __ASSET_JOB - 96f85d82-dd10-488e-81c0-ef34d3f7c17e - mta_hourly_subway_socrata - Downloaded file to: /home/christiandata/mtadata/data/opendata/mta_hourly_subway_socrata/2023_08.parquet
[32m2025-02-19 15:10:02 -0800[0m - dagster - [34mINFO[0m - __ASSET_JOB - 96f85d82-dd10-488e-81c0-ef34d3f7c17e - mta_hourly_subway_socrata - Downloading data for year: 2023, month: 09
[32m2025-02-19 15:10:06 -0800[0m - dagster - [34mINFO[0m - __ASSET_JOB - 96f85d82-dd10-488e-81c0-ef34d3f7c17e - mta_hourly_subway_socrata - Downloaded file to: /home/christiandata/mtadata/data/opendata/mta_hourly_subway_socrata/2023_09.parquet
[32m2025-02-19 15:10:06 -0800[0m - dagster - [34mINFO[0m - __ASSET_JOB - 96f85d82-dd10-488e-81c0-ef34d3f7c17e - mta_hourly_subway_socrata - Downloading data for year: 2023, month: 10
[32m2025-02-19 15:10:07 -0800[0m - dagster - [34mINFO[0m - __ASSET_JOB - 96f85d82-dd10-488e-81c0-ef34d3f7c17e - mta_hourly_subway_socrata - Downloaded file to: /home/christiandata/mtadata/data/opendata/mta_hourly_subway_socrata/2023_10.parquet
[32m2025-02-19 15:10:07 -0800[0m - dagster - [34mINFO[0m - __ASSET_JOB - 96f85d82-dd10-488e-81c0-ef34d3f7c17e - mta_hourly_subway_socrata - Downloading data for year: 2023, month: 11
[32m2025-02-19 15:10:08 -0800[0m - dagster - [34mINFO[0m - __ASSET_JOB - 96f85d82-dd10-488e-81c0-ef34d3f7c17e - mta_hourly_subway_socrata - Downloaded file to: /home/christiandata/mtadata/data/opendata/mta_hourly_subway_socrata/2023_11.parquet
[32m2025-02-19 15:10:08 -0800[0m - dagster - [34mINFO[0m - __ASSET_JOB - 96f85d82-dd10-488e-81c0-ef34d3f7c17e - mta_hourly_subway_socrata - Downloading data for year: 2023, month: 12
[32m2025-02-19 15:10:10 -0800[0m - dagster - [34mINFO[0m - __ASSET_JOB - 96f85d82-dd10-488e-81c0-ef34d3f7c17e - mta_hourly_subway_socrata - Downloaded file to: /home/christiandata/mtadata/data/opendata/mta_hourly_subway_socrata/2023_12.parquet
[32m2025-02-19 15:10:10 -0800[0m - dagster - [34mINFO[0m - __ASSET_JOB - 96f85d82-dd10-488e-81c0-ef34d3f7c17e - mta_hourly_subway_socrata - Downloading data for year: 2024, month: 01
[32m2025-02-19 15:10:11 -0800[0m - dagster - [34mINFO[0m - __ASSET_JOB - 96f85d82-dd10-488e-81c0-ef34d3f7c17e - mta_hourly_subway_socrata - Downloaded file to: /home/christiandata/mtadata/data/opendata/mta_hourly_subway_socrata/2024_01.parquet
[32m2025-02-19 15:10:11 -0800[0m - dagster - [34mINFO[0m - __ASSET_JOB - 96f85d82-dd10-488e-81c0-ef34d3f7c17e - mta_hourly_subway_socrata - Downloading data for year: 2024, month: 02
[32m2025-02-19 15:10:12 -0800[0m - dagster - [34mINFO[0m - __ASSET_JOB - 96f85d82-dd10-488e-81c0-ef34d3f7c17e - mta_hourly_subway_socrata - Downloaded file to: /home/christiandata/mtadata/data/opendata/mta_hourly_subway_socrata/2024_02.parquet
[32m2025-02-19 15:10:12 -0800[0m - dagster - [34mINFO[0m - __ASSET_JOB - 96f85d82-dd10-488e-81c0-ef34d3f7c17e - mta_hourly_subway_socrata - Downloading data for year: 2024, month: 03
[32m2025-02-19 15:10:13 -0800[0m - dagster - [34mINFO[0m - __ASSET_JOB - 96f85d82-dd10-488e-81c0-ef34d3f7c17e - mta_hourly_subway_socrata - Downloaded file to: /home/christiandata/mtadata/data/opendata/mta_hourly_subway_socrata/2024_03.parquet
[32m2025-02-19 15:10:13 -0800[0m - dagster - [34mINFO[0m - __ASSET_JOB - 96f85d82-dd10-488e-81c0-ef34d3f7c17e - mta_hourly_subway_socrata - Downloading data for year: 2024, month: 04
[32m2025-02-19 15:10:15 -0800[0m - dagster - [34mINFO[0m - __ASSET_JOB - 96f85d82-dd10-488e-81c0-ef34d3f7c17e - mta_hourly_subway_socrata - Downloaded file to: /home/christiandata/mtadata/data/opendata/mta_hourly_subway_socrata/2024_04.parquet
[32m2025-02-19 15:10:15 -0800[0m - dagster - [34mINFO[0m - __ASSET_JOB - 96f85d82-dd10-488e-81c0-ef34d3f7c17e - mta_hourly_subway_socrata - Downloading data for year: 2024, month: 05
[32m2025-02-19 15:10:16 -0800[0m - dagster - [34mINFO[0m - __ASSET_JOB - 96f85d82-dd10-488e-81c0-ef34d3f7c17e - mta_hourly_subway_socrata - Downloaded file to: /home/christiandata/mtadata/data/opendata/mta_hourly_subway_socrata/2024_05.parquet
[32m2025-02-19 15:10:16 -0800[0m - dagster - [34mINFO[0m - __ASSET_JOB - 96f85d82-dd10-488e-81c0-ef34d3f7c17e - mta_hourly_subway_socrata - Downloading data for year: 2024, month: 06
[32m2025-02-19 15:10:19 -0800[0m - dagster - [34mINFO[0m - __ASSET_JOB - 96f85d82-dd10-488e-81c0-ef34d3f7c17e - mta_hourly_subway_socrata - Downloaded file to: /home/christiandata/mtadata/data/opendata/mta_hourly_subway_socrata/2024_06.parquet
[32m2025-02-19 15:10:19 -0800[0m - dagster - [34mINFO[0m - __ASSET_JOB - 96f85d82-dd10-488e-81c0-ef34d3f7c17e - mta_hourly_subway_socrata - Downloading data for year: 2024, month: 07
[32m2025-02-19 15:10:21 -0800[0m - dagster - [34mINFO[0m - __ASSET_JOB - 96f85d82-dd10-488e-81c0-ef34d3f7c17e - mta_hourly_subway_socrata - Downloaded file to: /home/christiandata/mtadata/data/opendata/mta_hourly_subway_socrata/2024_07.parquet
[32m2025-02-19 15:10:21 -0800[0m - dagster - [34mINFO[0m - __ASSET_JOB - 96f85d82-dd10-488e-81c0-ef34d3f7c17e - mta_hourly_subway_socrata - Downloading data for year: 2024, month: 08
[32m2025-02-19 15:10:25 -0800[0m - dagster - [34mINFO[0m - __ASSET_JOB - 96f85d82-dd10-488e-81c0-ef34d3f7c17e - mta_hourly_subway_socrata - Downloaded file to: /home/christiandata/mtadata/data/opendata/mta_hourly_subway_socrata/2024_08.parquet
[32m2025-02-19 15:10:25 -0800[0m - dagster - [34mINFO[0m - __ASSET_JOB - 96f85d82-dd10-488e-81c0-ef34d3f7c17e - mta_hourly_subway_socrata - Downloading data for year: 2024, month: 09
[32m2025-02-19 15:10:29 -0800[0m - dagster - [34mINFO[0m - __ASSET_JOB - 96f85d82-dd10-488e-81c0-ef34d3f7c17e - mta_hourly_subway_socrata - Downloaded file to: /home/christiandata/mtadata/data/opendata/mta_hourly_subway_socrata/2024_09.parquet
[32m2025-02-19 15:10:29 -0800[0m - dagster - [34mINFO[0m - __ASSET_JOB - 96f85d82-dd10-488e-81c0-ef34d3f7c17e - mta_hourly_subway_socrata - Downloading data for year: 2024, month: 10
[32m2025-02-19 15:10:30 -0800[0m - dagster - [34mINFO[0m - __ASSET_JOB - 96f85d82-dd10-488e-81c0-ef34d3f7c17e - mta_hourly_subway_socrata - Downloaded file to: /home/christiandata/mtadata/data/opendata/mta_hourly_subway_socrata/2024_10.parquet
[32m2025-02-19 15:10:30 -0800[0m - dagster - [34mINFO[0m - __ASSET_JOB - 96f85d82-dd10-488e-81c0-ef34d3f7c17e - mta_hourly_subway_socrata - Downloading data for year: 2024, month: 11
[32m2025-02-19 15:10:30 -0800[0m - dagster - [34mERROR[0m - [31m__ASSET_JOB - 96f85d82-dd10-488e-81c0-ef34d3f7c17e - mta_hourly_subway_socrata - Error downloading file for 2024-11: Failed to download: https://fastopendata.org/mta/raw/hourly_subway/year%3D2024/month%3D11/2024_11.parquet (Status code: 404)[0m
[32m2025-02-19 15:10:30 -0800[0m - dagster - [34mINFO[0m - __ASSET_JOB - 96f85d82-dd10-488e-81c0-ef34d3f7c17e - mta_hourly_subway_socrata - Downloading data for year: 2024, month: 12
[32m2025-02-19 15:10:30 -0800[0m - dagster - [34mERROR[0m - [31m__ASSET_JOB - 96f85d82-dd10-488e-81c0-ef34d3f7c17e - mta_hourly_subway_socrata - Error downloading file for 2024-12: Failed to download: https://fastopendata.org/mta/raw/hourly_subway/year%3D2024/month%3D12/2024_12.parquet (Status code: 404)[0m
[32m2025-02-19 15:10:30 -0800[0m - dagster - [34mDEBUG[0m - __ASSET_JOB - 96f85d82-dd10-488e-81c0-ef34d3f7c17e - 1081912 - mta_hourly_subway_socrata - STEP_OUTPUT - Yielded output "result" of type "Any". (Type check passed).
[32m2025-02-19 15:10:30 -0800[0m - dagster - [34mDEBUG[0m - __ASSET_JOB - 96f85d82-dd10-488e-81c0-ef34d3f7c17e - mta_hourly_subway_socrata - Writing file at: /home/christiandata/mtadata/data/opendata/mta_hourly_subway_socrata/mta_hourly_subway_socrata using PickledObjectFilesystemIOManager...
[32m2025-02-19 15:10:30 -0800[0m - dagster - [34mDEBUG[0m - __ASSET_JOB - 96f85d82-dd10-488e-81c0-ef34d3f7c17e - 1081912 - mta_hourly_subway_socrata - ASSET_MATERIALIZATION - Materialized value mta_hourly_subway_socrata.
[32m2025-02-19 15:10:30 -0800[0m - dagster - [34mDEBUG[0m - __ASSET_JOB - 96f85d82-dd10-488e-81c0-ef34d3f7c17e - 1081912 - mta_hourly_subway_socrata - HANDLED_OUTPUT - Handled output "result" using IO manager "hourly_mta_io_manager"
[32m2025-02-19 15:10:30 -0800[0m - dagster - [34mDEBUG[0m - __ASSET_JOB - 96f85d82-dd10-488e-81c0-ef34d3f7c17e - 1081912 - mta_hourly_subway_socrata - STEP_SUCCESS - Finished execution of step "mta_hourly_subway_socrata" in 1m12s.
