[32m2024-09-26 18:24:27 -0400[0m - dagster - [34mDEBUG[0m - __ASSET_JOB - 53c49e03-ebba-48fd-850c-55139bb75005 - 1798261 - LOGS_CAPTURED - Started capturing logs in process (pid: 1798261).
[32m2024-09-26 18:24:27 -0400[0m - dagster - [34mDEBUG[0m - __ASSET_JOB - 53c49e03-ebba-48fd-850c-55139bb75005 - 1798261 - dbt_project_assets - STEP_START - Started execution of step "dbt_project_assets".
[32m2024-09-26 18:24:27 -0400[0m - dagster - [34mINFO[0m - __ASSET_JOB - 53c49e03-ebba-48fd-850c-55139bb75005 - dbt_project_assets - A dbt subsetted execution is not being performed. Using the default dbt selection arguments `['--select', 'fqn:*']`.
[32m2024-09-26 18:24:28 -0400[0m - dagster - [34mINFO[0m - __ASSET_JOB - 53c49e03-ebba-48fd-850c-55139bb75005 - dbt_project_assets - Copying `/home/christianocean/quiv/nfl/dbt/target/partial_parse.msgpack` to `/home/christianocean/quiv/nfl/dbt/target/dbt_project_assets-53c49e0-d77f016/partial_parse.msgpack` to take advantage of partial parsing.
[32m2024-09-26 18:24:28 -0400[0m - dagster - [34mINFO[0m - __ASSET_JOB - 53c49e03-ebba-48fd-850c-55139bb75005 - dbt_project_assets - Running dbt command: `dbt build --select fqn:*`.
[32m2024-09-26 18:24:30 -0400[0m - dagster - [34mDEBUG[0m - __ASSET_JOB - 53c49e03-ebba-48fd-850c-55139bb75005 - 1798261 - dbt_project_assets - STEP_OUTPUT - Yielded output "model_nfl_penalty_totals" of type "Nothing". (Type check passed).
[32m2024-09-26 18:24:30 -0400[0m - dagster - [34mDEBUG[0m - __ASSET_JOB - 53c49e03-ebba-48fd-850c-55139bb75005 - 1798261 - dbt_project_assets - ASSET_MATERIALIZATION - Materialized value penalty_totals.
[32m2024-09-26 18:24:30 -0400[0m - dagster - [34mDEBUG[0m - __ASSET_JOB - 53c49e03-ebba-48fd-850c-55139bb75005 - 1798261 - dbt_project_assets - STEP_OUTPUT - Yielded output "model_nfl_penalties_per_team" of type "Nothing". (Type check passed).
[32m2024-09-26 18:24:30 -0400[0m - dagster - [34mDEBUG[0m - __ASSET_JOB - 53c49e03-ebba-48fd-850c-55139bb75005 - 1798261 - dbt_project_assets - ASSET_MATERIALIZATION - Materialized value penalties_per_team.
[32m2024-09-26 18:24:30 -0400[0m - dagster - [34mDEBUG[0m - __ASSET_JOB - 53c49e03-ebba-48fd-850c-55139bb75005 - 1798261 - dbt_project_assets - ASSET_CHECK_EVALUATION - ASSET_CHECK_EVALUATION for step dbt_project_assets
[32m2024-09-26 18:24:30 -0400[0m - dagster - [34mDEBUG[0m - __ASSET_JOB - 53c49e03-ebba-48fd-850c-55139bb75005 - 1798261 - dbt_project_assets - STEP_OUTPUT - Yielded output "penalty_totals_not_null_penalty_totals_week" of type "Any". (Type check passed).
[32m2024-09-26 18:24:30 -0400[0m - dagster - [34mDEBUG[0m - __ASSET_JOB - 53c49e03-ebba-48fd-850c-55139bb75005 - 1798261 - dbt_project_assets - ASSET_CHECK_EVALUATION - ASSET_CHECK_EVALUATION for step dbt_project_assets
[32m2024-09-26 18:24:30 -0400[0m - dagster - [34mDEBUG[0m - __ASSET_JOB - 53c49e03-ebba-48fd-850c-55139bb75005 - 1798261 - dbt_project_assets - STEP_OUTPUT - Yielded output "penalties_per_team_not_null_penalties_per_team_penalty_team" of type "Any". (Type check passed).
[32m2024-09-26 18:24:30 -0400[0m - dagster - [34mDEBUG[0m - __ASSET_JOB - 53c49e03-ebba-48fd-850c-55139bb75005 - 1798261 - dbt_project_assets - ASSET_CHECK_EVALUATION - ASSET_CHECK_EVALUATION for step dbt_project_assets
[32m2024-09-26 18:24:30 -0400[0m - dagster - [34mDEBUG[0m - __ASSET_JOB - 53c49e03-ebba-48fd-850c-55139bb75005 - 1798261 - dbt_project_assets - STEP_OUTPUT - Yielded output "penalty_totals_not_null_penalty_totals_total_penalties" of type "Any". (Type check passed).
[32m2024-09-26 18:24:30 -0400[0m - dagster - [34mDEBUG[0m - __ASSET_JOB - 53c49e03-ebba-48fd-850c-55139bb75005 - 1798261 - dbt_project_assets - ASSET_CHECK_EVALUATION - ASSET_CHECK_EVALUATION for step dbt_project_assets
[32m2024-09-26 18:24:30 -0400[0m - dagster - [34mDEBUG[0m - __ASSET_JOB - 53c49e03-ebba-48fd-850c-55139bb75005 - 1798261 - dbt_project_assets - STEP_OUTPUT - Yielded output "penalties_per_team_not_null_penalties_per_team_total_penalties" of type "Any". (Type check passed).
[32m2024-09-26 18:24:31 -0400[0m - dagster - [34mDEBUG[0m - __ASSET_JOB - 53c49e03-ebba-48fd-850c-55139bb75005 - 1798261 - dbt_project_assets - ASSET_CHECK_EVALUATION - ASSET_CHECK_EVALUATION for step dbt_project_assets
[32m2024-09-26 18:24:31 -0400[0m - dagster - [34mDEBUG[0m - __ASSET_JOB - 53c49e03-ebba-48fd-850c-55139bb75005 - 1798261 - dbt_project_assets - STEP_OUTPUT - Yielded output "penalties_per_team_not_null_penalties_per_team_week" of type "Any". (Type check passed).
[32m2024-09-26 18:24:31 -0400[0m - dagster - [34mINFO[0m - __ASSET_JOB - 53c49e03-ebba-48fd-850c-55139bb75005 - dbt_project_assets - Finished dbt command: `dbt build --select fqn:*`.
[32m2024-09-26 18:24:31 -0400[0m - dagster - [34mDEBUG[0m - __ASSET_JOB - 53c49e03-ebba-48fd-850c-55139bb75005 - 1798261 - dbt_project_assets - STEP_SUCCESS - Finished execution of step "dbt_project_assets" in 3.21s.
