Running with dbt=1.8.7
Registered adapter: duckdb=1.8.3
Found 2 models, 5 data tests, 1 source, 416 macros

Concurrency: 16 threads (target='dev')

1 of 7 START sql table model main.penalties_per_team ........................... [RUN]
2 of 7 START sql table model main.penalty_totals ............................... [RUN]
2 of 7 OK created sql table model main.penalty_totals .......................... [[32mOK[0m in 0.21s]
3 of 7 START test not_null_penalty_totals_total_penalties ...................... [RUN]
4 of 7 START test not_null_penalty_totals_week ................................. [RUN]
1 of 7 OK created sql table model main.penalties_per_team ...................... [[32mOK[0m in 0.28s]
5 of 7 START test not_null_penalties_per_team_penalty_team ..................... [RUN]
6 of 7 START test not_null_penalties_per_team_total_penalties .................. [RUN]
7 of 7 START test not_null_penalties_per_team_week ............................. [RUN]
4 of 7 PASS not_null_penalty_totals_week ....................................... [[32mPASS[0m in 0.13s]
5 of 7 PASS not_null_penalties_per_team_penalty_team ........................... [[32mPASS[0m in 0.13s]
3 of 7 PASS not_null_penalty_totals_total_penalties ............................ [[32mPASS[0m in 0.17s]
6 of 7 PASS not_null_penalties_per_team_total_penalties ........................ [[32mPASS[0m in 0.11s]
7 of 7 PASS not_null_penalties_per_team_week ................................... [[32mPASS[0m in 0.11s]

Finished running 2 table models, 5 data tests in 0 hours 0 minutes and 0.61 seconds (0.61s).

[32mCompleted successfully[0m

Done. PASS=7 WARN=0 ERROR=0 SKIP=0 TOTAL=7
